<?xml version="1.0" encoding="UTF-8"?>
<!-- Generated by org.testng.reporters.JUnitReportReporter -->
<testsuite hostname="Gokulnaths-MacBook-Pro.local" failures="0" tests="4" name="com.salesforce.tests.SFDCLoginTest" time="22.054" errors="0" timestamp="2022-05-27T10:47:05 CDT" skipped="0">
  <testcase classname="com.salesforce.tests.SFDCLoginTest" name="forgotPasswd" time="4.572"/>
  <system-out/>
  <testcase classname="com.salesforce.tests.SFDCLoginTest" name="validateErrorMsg" time="3.362"/>
  <system-out/>
  <testcase classname="com.salesforce.tests.SFDCLoginTest" name="checkRememberMe" time="10.949"/>
  <system-out/>
  <testcase classname="com.salesforce.tests.SFDCLoginTest" name="loginErrorMsg" time="3.171"/>
  <system-out/>
</testsuite> <!-- com.salesforce.tests.SFDCLoginTest -->
